<?xml version="1.0" encoding="UTF-8"?>
<!-- Generated by org.testng.reporters.JUnitXMLReporter -->
<testsuite hostname="ETHYDLP084" ignored="0" name="letzNavClarity" tests="4" failures="2" timestamp="23 Jan 2018 14:11:27 GMT" time="0.114" errors="0">
  <testcase name="validateLogin" time="0.01" classname="letzNavTestFrameWork.letzNavTestScripts.letzNavRegressionTest">
    <failure type="java.lang.NullPointerException">
      <![CDATA[java.lang.NullPointerExceptionat letzNavTestFrameWork.letzNavTestScripts.letzNavRegressionTest.validateLogin(letzNavRegressionTest.java:77)... Removed 25 stack frames]]>
    </failure>
  </testcase> <!-- validateLogin -->
  <testcase name="validateLauncherPosition" time="0.0" classname="letzNavTestFrameWork.letzNavTestScripts.letzNavRegressionTest">
    <failure type="org.testng.TestNGException" message="
Data Provider public java.lang.Object[][] letzNavTestFrameWork.letzNavTestScripts.letzNavRegressionTest.getData() returned a null value">
      <![CDATA[org.testng.TestNGException: Data Provider public java.lang.Object[][] letzNavTestFrameWork.letzNavTestScripts.letzNavRegressionTest.getData() returned a null value... Removed 22 stack frames]]>
    </failure>
  </testcase> <!-- validateLauncherPosition -->
  <testcase name="validateFlow" time="0.002" classname="letzNavTestFrameWork.letzNavTestScripts.letzNavRegressionTest"/>
  <testcase name="validateLauncherNavigation" time="0.008" classname="letzNavTestFrameWork.letzNavTestScripts.letzNavRegressionTest"/>
</testsuite> <!-- letzNavClarity -->
