<?xml version="1.0" encoding="UTF-8"?>
<!-- Generated by org.testng.reporters.JUnitXMLReporter -->
<testsuite hostname="ETHYDLP084" ignored="0" name="Default test" tests="21" failures="0" timestamp="21 Feb 2018 10:16:14 GMT" time="119.207" errors="0">
  <testcase name="editorLogin" time="7.225" classname="letzNavTestScripts.letzNavRegressionTestEditor"/>
  <testcase name="preValidationTest" time="2.729" classname="letzNavTestScripts.letzNavRegressionTestEditor"/>
  <testcase name="validateValidation" time="5.817" classname="letzNavTestScripts.letzNavRegressionTestEditor"/>
  <testcase name="validateValidation" time="3.831" classname="letzNavTestScripts.letzNavRegressionTestEditor"/>
  <testcase name="validateValidation" time="3.502" classname="letzNavTestScripts.letzNavRegressionTestEditor"/>
  <testcase name="preNavTipSetUp" time="0.599" classname="letzNavTestScripts.letzNavRegressionTestEditor"/>
  <testcase name="preNavTipTest" time="0.513" classname="letzNavTestScripts.letzNavRegressionTestEditor"/>
  <testcase name="validateNavTips" time="3.122" classname="letzNavTestScripts.letzNavRegressionTestEditor"/>
  <testcase name="validateNavTips" time="2.157" classname="letzNavTestScripts.letzNavRegressionTestEditor"/>
  <testcase name="validateNavTips" time="2.661" classname="letzNavTestScripts.letzNavRegressionTestEditor"/>
  <testcase name="preLauncherSetUp" time="0.867" classname="letzNavTestScripts.letzNavRegressionTestEditor"/>
  <testcase name="preLauncherTest" time="0.531" classname="letzNavTestScripts.letzNavRegressionTestEditor"/>
  <testcase name="validateLaunchers" time="3.403" classname="letzNavTestScripts.letzNavRegressionTestEditor"/>
  <testcase name="validateLaunchers" time="2.795" classname="letzNavTestScripts.letzNavRegressionTestEditor"/>
  <testcase name="validateLaunchers" time="2.615" classname="letzNavTestScripts.letzNavRegressionTestEditor"/>
  <testcase name="preWorkFlowSetUp" time="0.83" classname="letzNavTestScripts.letzNavRegressionTestEditor"/>
  <testcase name="preWorkFlowTest" time="3.52" classname="letzNavTestScripts.letzNavRegressionTestEditor"/>
  <testcase name="validateWorkFlows" time="10.418" classname="letzNavTestScripts.letzNavRegressionTestEditor"/>
  <testcase name="validateWorkFlows" time="10.924" classname="letzNavTestScripts.letzNavRegressionTestEditor"/>
  <testcase name="validateWorkFlows" time="10.395" classname="letzNavTestScripts.letzNavRegressionTestEditor"/>
  <testcase name="postWorkFlowCreation" time="0.666" classname="letzNavTestScripts.letzNavRegressionTestEditor"/>
</testsuite> <!-- Default test -->
